{"/projects/lambda-webpack-plugin/src/index.ts": {"path":"/projects/lambda-webpack-plugin/src/index.ts","statementMap":{"0":{"start":{"line":1,"column":0},"end":{"line":1,"column":20}},"1":{"start":{"line":2,"column":0},"end":{"line":2,"column":24}},"2":{"start":{"line":3,"column":0},"end":{"line":3,"column":80}},"3":{"start":{"line":4,"column":19},"end":{"line":4,"column":37}},"4":{"start":{"line":6,"column":26},"end":{"line":17,"column":1}},"5":{"start":{"line":7,"column":2},"end":{"line":16,"column":11}},"6":{"start":{"line":11,"column":8},"end":{"line":11,"column":56}},"7":{"start":{"line":13,"column":8},"end":{"line":13,"column":37}},"8":{"start":{"line":15,"column":6},"end":{"line":15,"column":26}},"9":{"start":{"line":20,"column":2},"end":{"line":20,"column":62}},"10":{"start":{"line":22,"column":2},"end":{"line":22,"column":46}},"11":{"start":{"line":23,"column":2},"end":{"line":23,"column":48}},"12":{"start":{"line":48,"column":6},"end":{"line":48,"column":69}},"13":{"start":{"line":50,"column":4},"end":{"line":50,"column":62}},"14":{"start":{"line":56,"column":6},"end":{"line":56,"column":64}},"15":{"start":{"line":58,"column":4},"end":{"line":58,"column":46}},"16":{"start":{"line":64,"column":6},"end":{"line":64,"column":68}},"17":{"start":{"line":66,"column":4},"end":{"line":66,"column":52}},"18":{"start":{"line":72,"column":6},"end":{"line":72,"column":69}},"19":{"start":{"line":74,"column":4},"end":{"line":74,"column":27}},"20":{"start":{"line":80,"column":6},"end":{"line":80,"column":90}},"21":{"start":{"line":82,"column":4},"end":{"line":82,"column":76}},"22":{"start":{"line":92,"column":18},"end":{"line":92,"column":54}},"23":{"start":{"line":93,"column":4},"end":{"line":93,"column":23}},"24":{"start":{"line":93,"column":16},"end":{"line":93,"column":23}},"25":{"start":{"line":94,"column":4},"end":{"line":94,"column":32}},"26":{"start":{"line":103,"column":62},"end":{"line":103,"column":64}},"27":{"start":{"line":104,"column":4},"end":{"line":117,"column":9}},"28":{"start":{"line":107,"column":26},"end":{"line":107,"column":82}},"29":{"start":{"line":108,"column":31},"end":{"line":108,"column":82}},"30":{"start":{"line":109,"column":34},"end":{"line":109,"column":85}},"31":{"start":{"line":111,"column":12},"end":{"line":111,"column":64}},"32":{"start":{"line":114,"column":12},"end":{"line":114,"column":75}},"33":{"start":{"line":118,"column":4},"end":{"line":118,"column":16}},"34":{"start":{"line":123,"column":22},"end":{"line":123,"column":102}},"35":{"start":{"line":125,"column":18},"end":{"line":125,"column":37}},"36":{"start":{"line":126,"column":27},"end":{"line":126,"column":87}},"37":{"start":{"line":127,"column":34},"end":{"line":127,"column":102}},"38":{"start":{"line":128,"column":6},"end":{"line":128,"column":55}},"39":{"start":{"line":130,"column":6},"end":{"line":130,"column":16}},"40":{"start":{"line":135,"column":35},"end":{"line":135,"column":88}},"41":{"start":{"line":136,"column":33},"end":{"line":136,"column":35}},"42":{"start":{"line":138,"column":26},"end":{"line":138,"column":46}},"43":{"start":{"line":140,"column":21},"end":{"line":140,"column":78}},"44":{"start":{"line":141,"column":24},"end":{"line":141,"column":69}},"45":{"start":{"line":141,"column":43},"end":{"line":141,"column":68}},"46":{"start":{"line":142,"column":8},"end":{"line":142,"column":38}},"47":{"start":{"line":143,"column":8},"end":{"line":143,"column":37}},"48":{"start":{"line":145,"column":8},"end":{"line":145,"column":62}},"49":{"start":{"line":149,"column":4},"end":{"line":149,"column":22}},"50":{"start":{"line":175,"column":41},"end":{"line":196,"column":5}},"51":{"start":{"line":177,"column":6},"end":{"line":195,"column":13}},"52":{"start":{"line":178,"column":24},"end":{"line":178,"column":63}},"53":{"start":{"line":179,"column":23},"end":{"line":179,"column":59}},"54":{"start":{"line":181,"column":10},"end":{"line":191,"column":null}},"55":{"start":{"line":194,"column":8},"end":{"line":194,"column":19}},"56":{"start":{"line":203,"column":34},"end":{"line":220,"column":5}},"57":{"start":{"line":204,"column":6},"end":{"line":217,"column":9}},"58":{"start":{"line":206,"column":10},"end":{"line":206,"column":58}},"59":{"start":{"line":207,"column":10},"end":{"line":215,"column":12}},"60":{"start":{"line":209,"column":42},"end":{"line":209,"column":69}},"61":{"start":{"line":210,"column":16},"end":{"line":210,"column":30}},"62":{"start":{"line":212,"column":14},"end":{"line":212,"column":25}},"63":{"start":{"line":219,"column":6},"end":{"line":219,"column":17}},"64":{"start":{"line":229,"column":36},"end":{"line":348,"column":5}},"65":{"start":{"line":230,"column":22},"end":{"line":230,"column":83}},"66":{"start":{"line":230,"column":62},"end":{"line":230,"column":82}},"67":{"start":{"line":231,"column":23},"end":{"line":231,"column":25}},"68":{"start":{"line":236,"column":6},"end":{"line":236,"column":82}},"69":{"start":{"line":237,"column":6},"end":{"line":237,"column":81}},"70":{"start":{"line":239,"column":6},"end":{"line":329,"column":9}},"71":{"start":{"line":243,"column":33},"end":{"line":243,"column":47}},"72":{"start":{"line":244,"column":26},"end":{"line":244,"column":75}},"73":{"start":{"line":245,"column":8},"end":{"line":245,"column":72}},"74":{"start":{"line":250,"column":8},"end":{"line":256,"column":11}},"75":{"start":{"line":253,"column":10},"end":{"line":255,"column":12}},"76":{"start":{"line":261,"column":8},"end":{"line":261,"column":99}},"77":{"start":{"line":267,"column":35},"end":{"line":267,"column":98}},"78":{"start":{"line":267,"column":73},"end":{"line":267,"column":85}},"79":{"start":{"line":268,"column":10},"end":{"line":276,"column":12}},"80":{"start":{"line":283,"column":34},"end":{"line":291,"column":16}},"81":{"start":{"line":285,"column":14},"end":{"line":285,"column":43}},"82":{"start":{"line":287,"column":27},"end":{"line":287,"column":112}},"83":{"start":{"line":288,"column":14},"end":{"line":288,"column":32}},"84":{"start":{"line":290,"column":12},"end":{"line":290,"column":23}},"85":{"start":{"line":293,"column":10},"end":{"line":303,"column":13}},"86":{"start":{"line":294,"column":25},"end":{"line":294,"column":34}},"87":{"start":{"line":296,"column":14},"end":{"line":296,"column":66}},"88":{"start":{"line":298,"column":14},"end":{"line":298,"column":84}},"89":{"start":{"line":300,"column":12},"end":{"line":302,"column":14}},"90":{"start":{"line":310,"column":33},"end":{"line":320,"column":10}},"91":{"start":{"line":322,"column":8},"end":{"line":328,"column":10}},"92":{"start":{"line":331,"column":6},"end":{"line":339,"column":8}},"93":{"start":{"line":342,"column":8},"end":{"line":344,"column":30}},"94":{"start":{"line":343,"column":10},"end":{"line":343,"column":84}},"95":{"start":{"line":343,"column":41},"end":{"line":343,"column":51}},"96":{"start":{"line":343,"column":66},"end":{"line":343,"column":82}},"97":{"start":{"line":347,"column":6},"end":{"line":347,"column":17}},"98":{"start":{"line":350,"column":4},"end":{"line":350,"column":73}},"99":{"start":{"line":351,"column":4},"end":{"line":351,"column":64}},"100":{"start":{"line":352,"column":4},"end":{"line":352,"column":66}},"101":{"start":{"line":19,"column":0},"end":{"line":19,"column":13}}},"fnMap":{"0":{"name":"(anonymous_1)","decl":{"start":{"line":6,"column":26},"end":{"line":6,"column":27}},"loc":{"start":{"line":6,"column":39},"end":{"line":17,"column":1}}},"1":{"name":"(anonymous_2)","decl":{"start":{"line":9,"column":12},"end":{"line":9,"column":13}},"loc":{"start":{"line":9,"column":47},"end":{"line":16,"column":5}}},"2":{"name":"(anonymous_3)","decl":{"start":{"line":33,"column":2},"end":{"line":33,"column":14}},"loc":{"start":{"line":39,"column":3},"end":{"line":83,"column":3}}},"3":{"name":"(anonymous_4)","decl":{"start":{"line":90,"column":2},"end":{"line":90,"column":24}},"loc":{"start":{"line":90,"column":40},"end":{"line":95,"column":3}}},"4":{"name":"(anonymous_5)","decl":{"start":{"line":102,"column":2},"end":{"line":102,"column":17}},"loc":{"start":{"line":102,"column":37},"end":{"line":119,"column":3}}},"5":{"name":"(anonymous_6)","decl":{"start":{"line":105,"column":27},"end":{"line":105,"column":37}},"loc":{"start":{"line":105,"column":40},"end":{"line":117,"column":7}}},"6":{"name":"(anonymous_7)","decl":{"start":{"line":121,"column":2},"end":{"line":121,"column":24}},"loc":{"start":{"line":121,"column":69},"end":{"line":132,"column":3}}},"7":{"name":"(anonymous_8)","decl":{"start":{"line":134,"column":2},"end":{"line":134,"column":20}},"loc":{"start":{"line":134,"column":75},"end":{"line":150,"column":3}}},"8":{"name":"(anonymous_9)","decl":{"start":{"line":141,"column":36},"end":{"line":141,"column":39}},"loc":{"start":{"line":141,"column":43},"end":{"line":141,"column":68}}},"9":{"name":"(anonymous_10)","decl":{"start":{"line":156,"column":2},"end":{"line":156,"column":7}},"loc":{"start":{"line":156,"column":21},"end":{"line":353,"column":3}}},"10":{"name":"(anonymous_11)","decl":{"start":{"line":175,"column":41},"end":{"line":175,"column":42}},"loc":{"start":{"line":175,"column":72},"end":{"line":196,"column":5}}},"11":{"name":"(anonymous_12)","decl":{"start":{"line":177,"column":52},"end":{"line":177,"column":53}},"loc":{"start":{"line":177,"column":67},"end":{"line":195,"column":7}}},"12":{"name":"(anonymous_13)","decl":{"start":{"line":203,"column":34},"end":{"line":203,"column":35}},"loc":{"start":{"line":203,"column":70},"end":{"line":220,"column":5}}},"13":{"name":"(anonymous_14)","decl":{"start":{"line":204,"column":33},"end":{"line":204,"column":34}},"loc":{"start":{"line":204,"column":48},"end":{"line":217,"column":7}}},"14":{"name":"(anonymous_15)","decl":{"start":{"line":208,"column":12},"end":{"line":208,"column":13}},"loc":{"start":{"line":208,"column":25},"end":{"line":213,"column":13}}},"15":{"name":"(anonymous_16)","decl":{"start":{"line":209,"column":28},"end":{"line":209,"column":29}},"loc":{"start":{"line":209,"column":42},"end":{"line":209,"column":69}}},"16":{"name":"(anonymous_17)","decl":{"start":{"line":229,"column":36},"end":{"line":229,"column":37}},"loc":{"start":{"line":229,"column":72},"end":{"line":348,"column":5}}},"17":{"name":"(anonymous_18)","decl":{"start":{"line":230,"column":55},"end":{"line":230,"column":58}},"loc":{"start":{"line":230,"column":62},"end":{"line":230,"column":82}}},"18":{"name":"(anonymous_19)","decl":{"start":{"line":239,"column":22},"end":{"line":239,"column":27}},"loc":{"start":{"line":239,"column":30},"end":{"line":329,"column":7}}},"19":{"name":"(anonymous_20)","decl":{"start":{"line":250,"column":28},"end":{"line":250,"column":29}},"loc":{"start":{"line":250,"column":42},"end":{"line":256,"column":9}}},"20":{"name":"(anonymous_21)","decl":{"start":{"line":267,"column":58},"end":{"line":267,"column":59}},"loc":{"start":{"line":267,"column":73},"end":{"line":267,"column":85}}},"21":{"name":"(anonymous_22)","decl":{"start":{"line":283,"column":60},"end":{"line":283,"column":61}},"loc":{"start":{"line":283,"column":95},"end":{"line":291,"column":11}}},"22":{"name":"(anonymous_23)","decl":{"start":{"line":293,"column":34},"end":{"line":293,"column":35}},"loc":{"start":{"line":293,"column":57},"end":{"line":303,"column":11}}},"23":{"name":"(anonymous_24)","decl":{"start":{"line":342,"column":24},"end":{"line":342,"column":25}},"loc":{"start":{"line":342,"column":65},"end":{"line":344,"column":9}}},"24":{"name":"(anonymous_25)","decl":{"start":{"line":343,"column":31},"end":{"line":343,"column":37}},"loc":{"start":{"line":343,"column":41},"end":{"line":343,"column":51}}},"25":{"name":"(anonymous_26)","decl":{"start":{"line":343,"column":59},"end":{"line":343,"column":62}},"loc":{"start":{"line":343,"column":66},"end":{"line":343,"column":82}}}},"branchMap":{"0":{"loc":{"start":{"line":10,"column":10},"end":{"line":10,"column":38}},"type":"binary-expr","locations":[{"start":{"line":10,"column":10},"end":{"line":10,"column":38}},{"start":{"line":10,"column":42},"end":{"line":10,"column":66}}]},"1":{"loc":{"start":{"line":47,"column":8},"end":{"line":47,"column":16}},"type":"binary-expr","locations":[{"start":{"line":47,"column":8},"end":{"line":47,"column":16}},{"start":{"line":47,"column":20},"end":{"line":47,"column":48}}]},"2":{"loc":{"start":{"line":50,"column":28},"end":{"line":50,"column":36}},"type":"binary-expr","locations":[{"start":{"line":50,"column":28},"end":{"line":50,"column":36}},{"start":{"line":50,"column":40},"end":{"line":50,"column":61}}]},"3":{"loc":{"start":{"line":55,"column":8},"end":{"line":55,"column":17}},"type":"binary-expr","locations":[{"start":{"line":55,"column":8},"end":{"line":55,"column":17}},{"start":{"line":55,"column":21},"end":{"line":55,"column":51}}]},"4":{"loc":{"start":{"line":58,"column":27},"end":{"line":58,"column":36}},"type":"binary-expr","locations":[{"start":{"line":58,"column":27},"end":{"line":58,"column":36}},{"start":{"line":58,"column":40},"end":{"line":58,"column":45}}]},"5":{"loc":{"start":{"line":63,"column":8},"end":{"line":63,"column":20}},"type":"binary-expr","locations":[{"start":{"line":63,"column":8},"end":{"line":63,"column":20}},{"start":{"line":63,"column":24},"end":{"line":63,"column":57}}]},"6":{"loc":{"start":{"line":66,"column":30},"end":{"line":66,"column":42}},"type":"binary-expr","locations":[{"start":{"line":66,"column":30},"end":{"line":66,"column":42}},{"start":{"line":66,"column":46},"end":{"line":66,"column":51}}]},"7":{"loc":{"start":{"line":71,"column":8},"end":{"line":71,"column":25}},"type":"binary-expr","locations":[{"start":{"line":71,"column":8},"end":{"line":71,"column":25}},{"start":{"line":71,"column":29},"end":{"line":71,"column":57}}]},"8":{"loc":{"start":{"line":79,"column":8},"end":{"line":79,"column":23}},"type":"binary-expr","locations":[{"start":{"line":79,"column":8},"end":{"line":79,"column":23}},{"start":{"line":79,"column":27},"end":{"line":79,"column":61}}]},"9":{"loc":{"start":{"line":93,"column":4},"end":{"line":93,"column":23}},"type":"if","locations":[{"start":{"line":93,"column":4},"end":{"line":93,"column":23}},{"start":{"line":93,"column":4},"end":{"line":93,"column":23}}]},"10":{"loc":{"start":{"line":104,"column":4},"end":{"line":104,"column":31}},"type":"binary-expr","locations":[{"start":{"line":104,"column":4},"end":{"line":104,"column":31}},{"start":{"line":105,"column":6},"end":{"line":117,"column":8}}]},"11":{"loc":{"start":{"line":108,"column":31},"end":{"line":108,"column":48}},"type":"binary-expr","locations":[{"start":{"line":108,"column":31},"end":{"line":108,"column":48}},{"start":{"line":108,"column":52},"end":{"line":108,"column":82}}]},"12":{"loc":{"start":{"line":109,"column":34},"end":{"line":109,"column":51}},"type":"binary-expr","locations":[{"start":{"line":109,"column":34},"end":{"line":109,"column":51}},{"start":{"line":109,"column":55},"end":{"line":109,"column":85}}]},"13":{"loc":{"start":{"line":126,"column":53},"end":{"line":126,"column":82}},"type":"cond-expr","locations":[{"start":{"line":126,"column":53},"end":{"line":126,"column":82}},{"start":{"line":126,"column":85},"end":{"line":126,"column":87}}]},"14":{"loc":{"start":{"line":126,"column":27},"end":{"line":126,"column":30}},"type":"binary-expr","locations":[{"start":{"line":126,"column":27},"end":{"line":126,"column":30}},{"start":{"line":126,"column":34},"end":{"line":126,"column":50}}]},"15":{"loc":{"start":{"line":127,"column":64},"end":{"line":127,"column":97}},"type":"cond-expr","locations":[{"start":{"line":127,"column":64},"end":{"line":127,"column":97}},{"start":{"line":127,"column":100},"end":{"line":127,"column":102}}]},"16":{"loc":{"start":{"line":127,"column":34},"end":{"line":127,"column":37}},"type":"binary-expr","locations":[{"start":{"line":127,"column":34},"end":{"line":127,"column":37}},{"start":{"line":127,"column":41},"end":{"line":127,"column":61}}]},"17":{"loc":{"start":{"line":135,"column":63},"end":{"line":135,"column":73}},"type":"cond-expr","locations":[{"start":{"line":135,"column":63},"end":{"line":135,"column":73}},{"start":{"line":135,"column":76},"end":{"line":135,"column":88}}]},"18":{"loc":{"start":{"line":284,"column":16},"end":{"line":284,"column":27}},"type":"binary-expr","locations":[{"start":{"line":284,"column":16},"end":{"line":284,"column":27}},{"start":{"line":284,"column":31},"end":{"line":284,"column":62}}]},"19":{"loc":{"start":{"line":295,"column":16},"end":{"line":295,"column":27}},"type":"binary-expr","locations":[{"start":{"line":295,"column":16},"end":{"line":295,"column":27}},{"start":{"line":295,"column":31},"end":{"line":295,"column":54}}]}},"s":{"0":1,"1":1,"2":1,"3":1,"4":1,"5":0,"6":0,"7":0,"8":0,"9":8,"10":8,"11":8,"12":0,"13":8,"14":0,"15":8,"16":0,"17":8,"18":0,"19":8,"20":0,"21":8,"22":0,"23":0,"24":0,"25":0,"26":0,"27":0,"28":0,"29":0,"30":0,"31":0,"32":0,"33":0,"34":0,"35":0,"36":0,"37":0,"38":0,"39":0,"40":0,"41":0,"42":0,"43":0,"44":0,"45":0,"46":0,"47":0,"48":0,"49":0,"50":0,"51":0,"52":0,"53":0,"54":0,"55":0,"56":0,"57":0,"58":0,"59":0,"60":0,"61":0,"62":0,"63":0,"64":0,"65":0,"66":0,"67":0,"68":0,"69":0,"70":0,"71":0,"72":0,"73":0,"74":0,"75":0,"76":0,"77":0,"78":0,"79":0,"80":0,"81":0,"82":0,"83":0,"84":0,"85":0,"86":0,"87":0,"88":0,"89":0,"90":0,"91":0,"92":0,"93":0,"94":0,"95":0,"96":0,"97":0,"98":0,"99":0,"100":0,"101":1},"f":{"0":0,"1":0,"2":8,"3":0,"4":0,"5":0,"6":0,"7":0,"8":0,"9":0,"10":0,"11":0,"12":0,"13":0,"14":0,"15":0,"16":0,"17":0,"18":0,"19":0,"20":0,"21":0,"22":0,"23":0,"24":0,"25":0},"b":{"0":[0,0],"1":[8,1],"2":[8,7],"3":[8,1],"4":[8,7],"5":[8,1],"6":[8,7],"7":[8,0],"8":[8,8],"9":[0,0],"10":[0,0],"11":[0,0],"12":[0,0],"13":[0,0],"14":[0,0],"15":[0,0],"16":[0,0],"17":[0,0],"18":[0,0],"19":[0,0]}}
,"/projects/lambda-webpack-plugin/src/actions/archive.ts": {"path":"/projects/lambda-webpack-plugin/src/actions/archive.ts","statementMap":{"0":{"start":{"line":1,"column":0},"end":{"line":1,"column":26}},"1":{"start":{"line":2,"column":0},"end":{"line":2,"column":24}},"2":{"start":{"line":3,"column":0},"end":{"line":3,"column":32}},"3":{"start":{"line":12,"column":22},"end":{"line":12,"column":29}},"4":{"start":{"line":14,"column":2},"end":{"line":51,"column":7}},"5":{"start":{"line":15,"column":4},"end":{"line":51,"column":6}},"6":{"start":{"line":18,"column":10},"end":{"line":20,"column":12}},"7":{"start":{"line":22,"column":8},"end":{"line":22,"column":17}},"8":{"start":{"line":25,"column":24},"end":{"line":25,"column":39}},"9":{"start":{"line":26,"column":22},"end":{"line":26,"column":52}},"10":{"start":{"line":28,"column":21},"end":{"line":28,"column":37}},"11":{"start":{"line":30,"column":6},"end":{"line":50,"column":9}},"12":{"start":{"line":31,"column":23},"end":{"line":31,"column":64}},"13":{"start":{"line":32,"column":24},"end":{"line":32,"column":65}},"14":{"start":{"line":34,"column":8},"end":{"line":34,"column":48}},"15":{"start":{"line":34,"column":35},"end":{"line":34,"column":46}},"16":{"start":{"line":35,"column":8},"end":{"line":35,"column":29}},"17":{"start":{"line":38,"column":25},"end":{"line":38,"column":59}},"18":{"start":{"line":39,"column":28},"end":{"line":39,"column":98}},"19":{"start":{"line":41,"column":8},"end":{"line":47,"column":13}},"20":{"start":{"line":41,"column":20},"end":{"line":41,"column":62}},"21":{"start":{"line":42,"column":13},"end":{"line":47,"column":13}},"22":{"start":{"line":42,"column":34},"end":{"line":42,"column":104}},"23":{"start":{"line":43,"column":13},"end":{"line":47,"column":13}},"24":{"start":{"line":44,"column":10},"end":{"line":47,"column":13}},"25":{"start":{"line":48,"column":8},"end":{"line":48,"column":27}},"26":{"start":{"line":49,"column":8},"end":{"line":49,"column":18}},"27":{"start":{"line":54,"column":9},"end":{"line":54,"column":22}}},"fnMap":{"0":{"name":"archiveAction","decl":{"start":{"line":11,"column":9},"end":{"line":11,"column":22}},"loc":{"start":{"line":11,"column":49},"end":{"line":52,"column":1}}},"1":{"name":"(anonymous_2)","decl":{"start":{"line":14,"column":9},"end":{"line":14,"column":12}},"loc":{"start":{"line":15,"column":4},"end":{"line":51,"column":6}}},"2":{"name":"(anonymous_3)","decl":{"start":{"line":15,"column":16},"end":{"line":15,"column":17}},"loc":{"start":{"line":15,"column":36},"end":{"line":51,"column":5}}},"3":{"name":"(anonymous_4)","decl":{"start":{"line":30,"column":31},"end":{"line":30,"column":32}},"loc":{"start":{"line":30,"column":48},"end":{"line":50,"column":7}}},"4":{"name":"(anonymous_5)","decl":{"start":{"line":34,"column":28},"end":{"line":34,"column":31}},"loc":{"start":{"line":34,"column":35},"end":{"line":34,"column":46}}}},"branchMap":{"0":{"loc":{"start":{"line":16,"column":10},"end":{"line":16,"column":25}},"type":"binary-expr","locations":[{"start":{"line":16,"column":10},"end":{"line":16,"column":25}},{"start":{"line":16,"column":29},"end":{"line":16,"column":49}}]},"1":{"loc":{"start":{"line":39,"column":64},"end":{"line":39,"column":91}},"type":"binary-expr","locations":[{"start":{"line":39,"column":64},"end":{"line":39,"column":91}},{"start":{"line":39,"column":95},"end":{"line":39,"column":97}}]},"2":{"loc":{"start":{"line":41,"column":8},"end":{"line":47,"column":13}},"type":"if","locations":[{"start":{"line":41,"column":8},"end":{"line":47,"column":13}},{"start":{"line":41,"column":8},"end":{"line":47,"column":13}}]},"3":{"loc":{"start":{"line":42,"column":13},"end":{"line":47,"column":13}},"type":"if","locations":[{"start":{"line":42,"column":13},"end":{"line":47,"column":13}},{"start":{"line":42,"column":13},"end":{"line":47,"column":13}}]},"4":{"loc":{"start":{"line":43,"column":13},"end":{"line":47,"column":13}},"type":"if","locations":[{"start":{"line":43,"column":13},"end":{"line":47,"column":13}},{"start":{"line":43,"column":13},"end":{"line":47,"column":13}}]}},"s":{"0":1,"1":1,"2":1,"3":0,"4":0,"5":0,"6":0,"7":0,"8":0,"9":0,"10":0,"11":0,"12":0,"13":0,"14":0,"15":0,"16":0,"17":0,"18":0,"19":0,"20":0,"21":0,"22":0,"23":0,"24":0,"25":0,"26":0,"27":1},"f":{"0":0,"1":0,"2":0,"3":0,"4":0},"b":{"0":[0,0],"1":[0,0],"2":[0,0],"3":[0,0],"4":[0,0]}}
,"/projects/lambda-webpack-plugin/src/actions/copy.ts": {"path":"/projects/lambda-webpack-plugin/src/actions/copy.ts","statementMap":{"0":{"start":{"line":1,"column":0},"end":{"line":1,"column":20}},"1":{"start":{"line":2,"column":0},"end":{"line":2,"column":24}},"2":{"start":{"line":3,"column":0},"end":{"line":3,"column":22}},"3":{"start":{"line":4,"column":0},"end":{"line":4,"column":31}},"4":{"start":{"line":5,"column":0},"end":{"line":5,"column":31}},"5":{"start":{"line":14,"column":22},"end":{"line":14,"column":29}},"6":{"start":{"line":18,"column":6},"end":{"line":20,"column":8}},"7":{"start":{"line":22,"column":4},"end":{"line":22,"column":11}},"8":{"start":{"line":25,"column":2},"end":{"line":79,"column":7}},"9":{"start":{"line":26,"column":4},"end":{"line":79,"column":6}},"10":{"start":{"line":29,"column":24},"end":{"line":29,"column":39}},"11":{"start":{"line":30,"column":22},"end":{"line":30,"column":52}},"12":{"start":{"line":33,"column":8},"end":{"line":75,"column":11}},"13":{"start":{"line":34,"column":10},"end":{"line":34,"column":40}},"14":{"start":{"line":34,"column":20},"end":{"line":34,"column":40}},"15":{"start":{"line":36,"column":10},"end":{"line":74,"column":13}},"16":{"start":{"line":39,"column":16},"end":{"line":41,"column":39}},"17":{"start":{"line":44,"column":16},"end":{"line":46,"column":18}},"18":{"start":{"line":54,"column":31},"end":{"line":54,"column":54}},"19":{"start":{"line":56,"column":31},"end":{"line":61,"column":15}},"20":{"start":{"line":57,"column":16},"end":{"line":60,"column":19}},"21":{"start":{"line":58,"column":18},"end":{"line":58,"column":39}},"22":{"start":{"line":58,"column":27},"end":{"line":58,"column":39}},"23":{"start":{"line":59,"column":18},"end":{"line":59,"column":28}},"24":{"start":{"line":64,"column":16},"end":{"line":66,"column":19}},"25":{"start":{"line":65,"column":18},"end":{"line":65,"column":94}},"26":{"start":{"line":68,"column":16},"end":{"line":68,"column":54}},"27":{"start":{"line":71,"column":32},"end":{"line":71,"column":104}},"28":{"start":{"line":72,"column":14},"end":{"line":72,"column":86}},"29":{"start":{"line":77,"column":8},"end":{"line":77,"column":85}},"30":{"start":{"line":119,"column":9},"end":{"line":119,"column":19}},"31":{"start":{"line":92,"column":22},"end":{"line":92,"column":29}},"32":{"start":{"line":102,"column":4},"end":{"line":102,"column":116}},"33":{"start":{"line":105,"column":2},"end":{"line":116,"column":5}},"34":{"start":{"line":107,"column":6},"end":{"line":107,"column":73}},"35":{"start":{"line":108,"column":6},"end":{"line":108,"column":18}},"36":{"start":{"line":112,"column":6},"end":{"line":112,"column":111}},"37":{"start":{"line":115,"column":4},"end":{"line":115,"column":14}}},"fnMap":{"0":{"name":"copyAction","decl":{"start":{"line":13,"column":9},"end":{"line":13,"column":19}},"loc":{"start":{"line":13,"column":46},"end":{"line":80,"column":1}}},"1":{"name":"(anonymous_2)","decl":{"start":{"line":25,"column":9},"end":{"line":25,"column":12}},"loc":{"start":{"line":26,"column":4},"end":{"line":79,"column":6}}},"2":{"name":"(anonymous_3)","decl":{"start":{"line":26,"column":16},"end":{"line":26,"column":17}},"loc":{"start":{"line":26,"column":36},"end":{"line":79,"column":5}}},"3":{"name":"(anonymous_4)","decl":{"start":{"line":33,"column":33},"end":{"line":33,"column":34}},"loc":{"start":{"line":33,"column":50},"end":{"line":75,"column":9}}},"4":{"name":"(anonymous_5)","decl":{"start":{"line":36,"column":40},"end":{"line":36,"column":41}},"loc":{"start":{"line":36,"column":57},"end":{"line":74,"column":11}}},"5":{"name":"(anonymous_6)","decl":{"start":{"line":56,"column":31},"end":{"line":56,"column":32}},"loc":{"start":{"line":56,"column":61},"end":{"line":61,"column":15}}},"6":{"name":"(anonymous_7)","decl":{"start":{"line":57,"column":40},"end":{"line":57,"column":43}},"loc":{"start":{"line":57,"column":46},"end":{"line":60,"column":17}}},"7":{"name":"(anonymous_8)","decl":{"start":{"line":64,"column":42},"end":{"line":64,"column":47}},"loc":{"start":{"line":64,"column":50},"end":{"line":66,"column":17}}},"8":{"name":"copyDirectory","decl":{"start":{"line":91,"column":9},"end":{"line":91,"column":22}},"loc":{"start":{"line":91,"column":109},"end":{"line":117,"column":1}}},"9":{"name":"(anonymous_10)","decl":{"start":{"line":105,"column":44},"end":{"line":105,"column":47}},"loc":{"start":{"line":105,"column":50},"end":{"line":116,"column":3}}}},"branchMap":{"0":{"loc":{"start":{"line":16,"column":6},"end":{"line":16,"column":21}},"type":"binary-expr","locations":[{"start":{"line":16,"column":6},"end":{"line":16,"column":21}},{"start":{"line":16,"column":25},"end":{"line":16,"column":45}}]},"1":{"loc":{"start":{"line":34,"column":10},"end":{"line":34,"column":40}},"type":"if","locations":[{"start":{"line":34,"column":10},"end":{"line":34,"column":40}},{"start":{"line":34,"column":10},"end":{"line":34,"column":40}}]},"2":{"loc":{"start":{"line":40,"column":20},"end":{"line":40,"column":77}},"type":"cond-expr","locations":[{"start":{"line":40,"column":20},"end":{"line":40,"column":77}},{"start":{"line":41,"column":20},"end":{"line":41,"column":39}}]},"3":{"loc":{"start":{"line":39,"column":16},"end":{"line":39,"column":22}},"type":"binary-expr","locations":[{"start":{"line":39,"column":16},"end":{"line":39,"column":22}},{"start":{"line":39,"column":26},"end":{"line":39,"column":46}}]},"4":{"loc":{"start":{"line":58,"column":18},"end":{"line":58,"column":39}},"type":"if","locations":[{"start":{"line":58,"column":18},"end":{"line":58,"column":39}},{"start":{"line":58,"column":18},"end":{"line":58,"column":39}}]},"5":{"loc":{"start":{"line":71,"column":86},"end":{"line":71,"column":89}},"type":"cond-expr","locations":[{"start":{"line":71,"column":86},"end":{"line":71,"column":89}},{"start":{"line":71,"column":92},"end":{"line":71,"column":94}}]},"6":{"loc":{"start":{"line":106,"column":8},"end":{"line":106,"column":11}},"type":"binary-expr","locations":[{"start":{"line":106,"column":8},"end":{"line":106,"column":11}},{"start":{"line":106,"column":15},"end":{"line":106,"column":30}}]}},"s":{"0":1,"1":1,"2":1,"3":1,"4":1,"5":0,"6":0,"7":0,"8":0,"9":0,"10":0,"11":0,"12":0,"13":0,"14":0,"15":0,"16":0,"17":0,"18":0,"19":0,"20":0,"21":0,"22":0,"23":0,"24":0,"25":0,"26":0,"27":0,"28":0,"29":0,"30":1,"31":0,"32":0,"33":0,"34":0,"35":0,"36":0,"37":0},"f":{"0":0,"1":0,"2":0,"3":0,"4":0,"5":0,"6":0,"7":0,"8":0,"9":0},"b":{"0":[0,0],"1":[0,0],"2":[0,0],"3":[0,0],"4":[0,0],"5":[0,0],"6":[0,0]}}
,"/projects/lambda-webpack-plugin/src/actions/create.ts": {"path":"/projects/lambda-webpack-plugin/src/actions/create.ts","statementMap":{"0":{"start":{"line":1,"column":0},"end":{"line":1,"column":20}},"1":{"start":{"line":10,"column":22},"end":{"line":10,"column":29}},"2":{"start":{"line":13,"column":4},"end":{"line":16,"column":8}},"3":{"start":{"line":17,"column":4},"end":{"line":17,"column":11}},"4":{"start":{"line":20,"column":2},"end":{"line":31,"column":7}},"5":{"start":{"line":21,"column":4},"end":{"line":31,"column":6}},"6":{"start":{"line":22,"column":6},"end":{"line":22,"column":100}},"7":{"start":{"line":23,"column":6},"end":{"line":30,"column":9}},"8":{"start":{"line":25,"column":10},"end":{"line":25,"column":106}},"9":{"start":{"line":26,"column":10},"end":{"line":26,"column":26}},"10":{"start":{"line":28,"column":8},"end":{"line":28,"column":106}},"11":{"start":{"line":29,"column":8},"end":{"line":29,"column":25}},"12":{"start":{"line":34,"column":9},"end":{"line":34,"column":21}}},"fnMap":{"0":{"name":"createAction","decl":{"start":{"line":9,"column":9},"end":{"line":9,"column":21}},"loc":{"start":{"line":9,"column":48},"end":{"line":32,"column":1}}},"1":{"name":"(anonymous_2)","decl":{"start":{"line":20,"column":9},"end":{"line":20,"column":12}},"loc":{"start":{"line":21,"column":4},"end":{"line":31,"column":6}}},"2":{"name":"(anonymous_3)","decl":{"start":{"line":21,"column":16},"end":{"line":21,"column":17}},"loc":{"start":{"line":21,"column":36},"end":{"line":31,"column":5}}},"3":{"name":"(anonymous_4)","decl":{"start":{"line":23,"column":52},"end":{"line":23,"column":55}},"loc":{"start":{"line":23,"column":58},"end":{"line":30,"column":7}}}},"branchMap":{"0":{"loc":{"start":{"line":12,"column":6},"end":{"line":12,"column":21}},"type":"binary-expr","locations":[{"start":{"line":12,"column":6},"end":{"line":12,"column":21}},{"start":{"line":12,"column":25},"end":{"line":12,"column":41}}]},"1":{"loc":{"start":{"line":13,"column":4},"end":{"line":13,"column":11}},"type":"binary-expr","locations":[{"start":{"line":13,"column":4},"end":{"line":13,"column":11}},{"start":{"line":14,"column":6},"end":{"line":15,"column":null}}]},"2":{"loc":{"start":{"line":22,"column":6},"end":{"line":22,"column":13}},"type":"binary-expr","locations":[{"start":{"line":22,"column":6},"end":{"line":22,"column":13}},{"start":{"line":22,"column":17},"end":{"line":22,"column":99}}]},"3":{"loc":{"start":{"line":25,"column":10},"end":{"line":25,"column":17}},"type":"binary-expr","locations":[{"start":{"line":25,"column":10},"end":{"line":25,"column":17}},{"start":{"line":25,"column":21},"end":{"line":25,"column":105}}]},"4":{"loc":{"start":{"line":28,"column":8},"end":{"line":28,"column":15}},"type":"binary-expr","locations":[{"start":{"line":28,"column":8},"end":{"line":28,"column":15}},{"start":{"line":28,"column":19},"end":{"line":28,"column":105}}]}},"s":{"0":1,"1":0,"2":0,"3":0,"4":0,"5":0,"6":0,"7":0,"8":0,"9":0,"10":0,"11":0,"12":1},"f":{"0":0,"1":0,"2":0,"3":0},"b":{"0":[0,0],"1":[0,0],"2":[0,0],"3":[0,0],"4":[0,0]}}
,"/projects/lambda-webpack-plugin/src/actions/index.ts": {"path":"/projects/lambda-webpack-plugin/src/actions/index.ts","statementMap":{"0":{"start":{"line":1,"column":0},"end":{"line":1,"column":9}},"1":{"start":{"line":8,"column":9},"end":{"line":1,"column":36}},"2":{"start":{"line":2,"column":0},"end":{"line":2,"column":9}},"3":{"start":{"line":8,"column":21},"end":{"line":2,"column":36}},"4":{"start":{"line":3,"column":0},"end":{"line":3,"column":9}},"5":{"start":{"line":8,"column":61},"end":{"line":3,"column":38}},"6":{"start":{"line":4,"column":0},"end":{"line":4,"column":9}},"7":{"start":{"line":8,"column":74},"end":{"line":4,"column":42}},"8":{"start":{"line":5,"column":0},"end":{"line":5,"column":9}},"9":{"start":{"line":8,"column":47},"end":{"line":5,"column":40}},"10":{"start":{"line":6,"column":0},"end":{"line":6,"column":9}},"11":{"start":{"line":8,"column":33},"end":{"line":6,"column":40}}},"fnMap":{},"branchMap":{},"s":{"0":1,"1":1,"2":1,"3":1,"4":1,"5":1,"6":1,"7":1,"8":1,"9":1,"10":1,"11":1},"f":{},"b":{}}
,"/projects/lambda-webpack-plugin/src/actions/mkdir.ts": {"path":"/projects/lambda-webpack-plugin/src/actions/mkdir.ts","statementMap":{"0":{"start":{"line":1,"column":0},"end":{"line":1,"column":31}},"1":{"start":{"line":10,"column":22},"end":{"line":10,"column":29}},"2":{"start":{"line":12,"column":2},"end":{"line":25,"column":4}},"3":{"start":{"line":14,"column":6},"end":{"line":14,"column":80}},"4":{"start":{"line":19,"column":8},"end":{"line":19,"column":120}},"5":{"start":{"line":21,"column":6},"end":{"line":21,"column":13}},"6":{"start":{"line":24,"column":4},"end":{"line":24,"column":35}},"7":{"start":{"line":28,"column":9},"end":{"line":28,"column":20}}},"fnMap":{"0":{"name":"mkdirAction","decl":{"start":{"line":9,"column":9},"end":{"line":9,"column":20}},"loc":{"start":{"line":9,"column":47},"end":{"line":26,"column":1}}},"1":{"name":"(anonymous_2)","decl":{"start":{"line":12,"column":9},"end":{"line":12,"column":12}},"loc":{"start":{"line":12,"column":14},"end":{"line":25,"column":3}}}},"branchMap":{},"s":{"0":1,"1":0,"2":0,"3":0,"4":0,"5":0,"6":0,"7":1},"f":{"0":0,"1":0},"b":{}}
,"/projects/lambda-webpack-plugin/src/actions/move.ts": {"path":"/projects/lambda-webpack-plugin/src/actions/move.ts","statementMap":{"0":{"start":{"line":1,"column":0},"end":{"line":1,"column":20}},"1":{"start":{"line":2,"column":0},"end":{"line":2,"column":20}},"2":{"start":{"line":11,"column":22},"end":{"line":11,"column":29}},"3":{"start":{"line":15,"column":6},"end":{"line":17,"column":8}},"4":{"start":{"line":19,"column":4},"end":{"line":19,"column":11}},"5":{"start":{"line":23,"column":4},"end":{"line":49,"column":9}},"6":{"start":{"line":24,"column":6},"end":{"line":49,"column":8}},"7":{"start":{"line":26,"column":10},"end":{"line":28,"column":12}},"8":{"start":{"line":31,"column":8},"end":{"line":48,"column":11}},"9":{"start":{"line":34,"column":14},"end":{"line":34,"column":81}},"10":{"start":{"line":36,"column":12},"end":{"line":36,"column":24}},"11":{"start":{"line":40,"column":12},"end":{"line":44,"column":14}},"12":{"start":{"line":47,"column":10},"end":{"line":47,"column":20}},"13":{"start":{"line":51,"column":4},"end":{"line":51,"column":108}},"14":{"start":{"line":52,"column":4},"end":{"line":52,"column":11}},"15":{"start":{"line":56,"column":9},"end":{"line":56,"column":19}}},"fnMap":{"0":{"name":"moveAction","decl":{"start":{"line":10,"column":9},"end":{"line":10,"column":19}},"loc":{"start":{"line":10,"column":46},"end":{"line":54,"column":1}}},"1":{"name":"(anonymous_2)","decl":{"start":{"line":23,"column":11},"end":{"line":23,"column":14}},"loc":{"start":{"line":24,"column":6},"end":{"line":49,"column":8}}},"2":{"name":"(anonymous_3)","decl":{"start":{"line":24,"column":18},"end":{"line":24,"column":19}},"loc":{"start":{"line":24,"column":38},"end":{"line":49,"column":7}}},"3":{"name":"(anonymous_4)","decl":{"start":{"line":31,"column":67},"end":{"line":31,"column":70}},"loc":{"start":{"line":31,"column":73},"end":{"line":48,"column":9}}}},"branchMap":{"0":{"loc":{"start":{"line":13,"column":6},"end":{"line":13,"column":21}},"type":"binary-expr","locations":[{"start":{"line":13,"column":6},"end":{"line":13,"column":21}},{"start":{"line":13,"column":25},"end":{"line":13,"column":45}}]}},"s":{"0":1,"1":1,"2":0,"3":0,"4":0,"5":0,"6":0,"7":0,"8":0,"9":0,"10":0,"11":0,"12":0,"13":0,"14":0,"15":1},"f":{"0":0,"1":0,"2":0,"3":0},"b":{"0":[0,0]}}
,"/projects/lambda-webpack-plugin/src/actions/remove.ts": {"path":"/projects/lambda-webpack-plugin/src/actions/remove.ts","statementMap":{"0":{"start":{"line":1,"column":0},"end":{"line":1,"column":28}},"1":{"start":{"line":10,"column":22},"end":{"line":10,"column":29}},"2":{"start":{"line":13,"column":4},"end":{"line":16,"column":8}},"3":{"start":{"line":18,"column":4},"end":{"line":18,"column":21}},"4":{"start":{"line":21,"column":2},"end":{"line":29,"column":7}},"5":{"start":{"line":22,"column":4},"end":{"line":29,"column":6}},"6":{"start":{"line":23,"column":6},"end":{"line":23,"column":101}},"7":{"start":{"line":25,"column":6},"end":{"line":28,"column":9}},"8":{"start":{"line":26,"column":8},"end":{"line":26,"column":106}},"9":{"start":{"line":27,"column":8},"end":{"line":27,"column":18}},"10":{"start":{"line":32,"column":9},"end":{"line":32,"column":21}}},"fnMap":{"0":{"name":"rimrafAction","decl":{"start":{"line":9,"column":9},"end":{"line":9,"column":21}},"loc":{"start":{"line":9,"column":48},"end":{"line":30,"column":1}}},"1":{"name":"(anonymous_2)","decl":{"start":{"line":21,"column":9},"end":{"line":21,"column":12}},"loc":{"start":{"line":22,"column":4},"end":{"line":29,"column":6}}},"2":{"name":"(anonymous_3)","decl":{"start":{"line":22,"column":16},"end":{"line":22,"column":17}},"loc":{"start":{"line":22,"column":36},"end":{"line":29,"column":5}}},"3":{"name":"(anonymous_4)","decl":{"start":{"line":25,"column":29},"end":{"line":25,"column":32}},"loc":{"start":{"line":25,"column":34},"end":{"line":28,"column":7}}}},"branchMap":{"0":{"loc":{"start":{"line":13,"column":4},"end":{"line":13,"column":11}},"type":"binary-expr","locations":[{"start":{"line":13,"column":4},"end":{"line":13,"column":11}},{"start":{"line":14,"column":6},"end":{"line":15,"column":null}}]},"1":{"loc":{"start":{"line":23,"column":6},"end":{"line":23,"column":13}},"type":"binary-expr","locations":[{"start":{"line":23,"column":6},"end":{"line":23,"column":13}},{"start":{"line":23,"column":17},"end":{"line":23,"column":100}}]},"2":{"loc":{"start":{"line":26,"column":8},"end":{"line":26,"column":15}},"type":"binary-expr","locations":[{"start":{"line":26,"column":8},"end":{"line":26,"column":15}},{"start":{"line":26,"column":19},"end":{"line":26,"column":105}}]}},"s":{"0":1,"1":0,"2":0,"3":0,"4":0,"5":0,"6":0,"7":0,"8":0,"9":0,"10":1},"f":{"0":0,"1":0,"2":0,"3":0},"b":{"0":[0,0],"1":[0,0],"2":[0,0]}}
}
