TN:
SF:/projects/lambda-webpack-plugin/src/index.ts
FN:6,(anonymous_1)
FN:9,(anonymous_2)
FN:33,(anonymous_3)
FN:90,(anonymous_4)
FN:102,(anonymous_5)
FN:105,(anonymous_6)
FN:121,(anonymous_7)
FN:134,(anonymous_8)
FN:141,(anonymous_9)
FN:156,(anonymous_10)
FN:175,(anonymous_11)
FN:177,(anonymous_12)
FN:203,(anonymous_13)
FN:204,(anonymous_14)
FN:208,(anonymous_15)
FN:209,(anonymous_16)
FN:229,(anonymous_17)
FN:230,(anonymous_18)
FN:239,(anonymous_19)
FN:250,(anonymous_20)
FN:267,(anonymous_21)
FN:283,(anonymous_22)
FN:293,(anonymous_23)
FN:342,(anonymous_24)
FN:343,(anonymous_25)
FN:343,(anonymous_26)
FNF:26
FNH:1
FNDA:0,(anonymous_1)
FNDA:0,(anonymous_2)
FNDA:8,(anonymous_3)
FNDA:0,(anonymous_4)
FNDA:0,(anonymous_5)
FNDA:0,(anonymous_6)
FNDA:0,(anonymous_7)
FNDA:0,(anonymous_8)
FNDA:0,(anonymous_9)
FNDA:0,(anonymous_10)
FNDA:0,(anonymous_11)
FNDA:0,(anonymous_12)
FNDA:0,(anonymous_13)
FNDA:0,(anonymous_14)
FNDA:0,(anonymous_15)
FNDA:0,(anonymous_16)
FNDA:0,(anonymous_17)
FNDA:0,(anonymous_18)
FNDA:0,(anonymous_19)
FNDA:0,(anonymous_20)
FNDA:0,(anonymous_21)
FNDA:0,(anonymous_22)
FNDA:0,(anonymous_23)
FNDA:0,(anonymous_24)
FNDA:0,(anonymous_25)
FNDA:0,(anonymous_26)
DA:1,1
DA:2,1
DA:3,1
DA:4,1
DA:6,1
DA:7,0
DA:11,0
DA:13,0
DA:15,0
DA:19,1
DA:20,8
DA:22,8
DA:23,8
DA:48,0
DA:50,8
DA:56,0
DA:58,8
DA:64,0
DA:66,8
DA:72,0
DA:74,8
DA:80,0
DA:82,8
DA:92,0
DA:93,0
DA:94,0
DA:103,0
DA:104,0
DA:107,0
DA:108,0
DA:109,0
DA:111,0
DA:114,0
DA:118,0
DA:123,0
DA:125,0
DA:126,0
DA:127,0
DA:128,0
DA:130,0
DA:135,0
DA:136,0
DA:138,0
DA:140,0
DA:141,0
DA:142,0
DA:143,0
DA:145,0
DA:149,0
DA:175,0
DA:177,0
DA:178,0
DA:179,0
DA:181,0
DA:194,0
DA:203,0
DA:204,0
DA:206,0
DA:207,0
DA:209,0
DA:210,0
DA:212,0
DA:219,0
DA:229,0
DA:230,0
DA:231,0
DA:236,0
DA:237,0
DA:239,0
DA:243,0
DA:244,0
DA:245,0
DA:250,0
DA:253,0
DA:261,0
DA:267,0
DA:268,0
DA:283,0
DA:285,0
DA:287,0
DA:288,0
DA:290,0
DA:293,0
DA:294,0
DA:296,0
DA:298,0
DA:300,0
DA:310,0
DA:322,0
DA:331,0
DA:342,0
DA:343,0
DA:347,0
DA:350,0
DA:351,0
DA:352,0
LF:96
LH:14
BRDA:10,0,0,0
BRDA:10,0,1,0
BRDA:47,1,0,8
BRDA:47,1,1,1
BRDA:50,2,0,8
BRDA:50,2,1,7
BRDA:55,3,0,8
BRDA:55,3,1,1
BRDA:58,4,0,8
BRDA:58,4,1,7
BRDA:63,5,0,8
BRDA:63,5,1,1
BRDA:66,6,0,8
BRDA:66,6,1,7
BRDA:71,7,0,8
BRDA:71,7,1,0
BRDA:79,8,0,8
BRDA:79,8,1,8
BRDA:93,9,0,0
BRDA:93,9,1,0
BRDA:104,10,0,0
BRDA:104,10,1,0
BRDA:108,11,0,0
BRDA:108,11,1,0
BRDA:109,12,0,0
BRDA:109,12,1,0
BRDA:126,13,0,0
BRDA:126,13,1,0
BRDA:126,14,0,0
BRDA:126,14,1,0
BRDA:127,15,0,0
BRDA:127,15,1,0
BRDA:127,16,0,0
BRDA:127,16,1,0
BRDA:135,17,0,0
BRDA:135,17,1,0
BRDA:284,18,0,0
BRDA:284,18,1,0
BRDA:295,19,0,0
BRDA:295,19,1,0
BRF:40
BRH:15
end_of_record
TN:
SF:/projects/lambda-webpack-plugin/src/actions/archive.ts
FN:11,archiveAction
FN:14,(anonymous_2)
FN:15,(anonymous_3)
FN:30,(anonymous_4)
FN:34,(anonymous_5)
FNF:5
FNH:0
FNDA:0,archiveAction
FNDA:0,(anonymous_2)
FNDA:0,(anonymous_3)
FNDA:0,(anonymous_4)
FNDA:0,(anonymous_5)
DA:1,1
DA:2,1
DA:3,1
DA:12,0
DA:14,0
DA:15,0
DA:18,0
DA:22,0
DA:25,0
DA:26,0
DA:28,0
DA:30,0
DA:31,0
DA:32,0
DA:34,0
DA:35,0
DA:38,0
DA:39,0
DA:41,0
DA:42,0
DA:43,0
DA:44,0
DA:48,0
DA:49,0
DA:54,1
LF:25
LH:4
BRDA:16,0,0,0
BRDA:16,0,1,0
BRDA:39,1,0,0
BRDA:39,1,1,0
BRDA:41,2,0,0
BRDA:41,2,1,0
BRDA:42,3,0,0
BRDA:42,3,1,0
BRDA:43,4,0,0
BRDA:43,4,1,0
BRF:10
BRH:0
end_of_record
TN:
SF:/projects/lambda-webpack-plugin/src/actions/copy.ts
FN:13,copyAction
FN:25,(anonymous_2)
FN:26,(anonymous_3)
FN:33,(anonymous_4)
FN:36,(anonymous_5)
FN:56,(anonymous_6)
FN:57,(anonymous_7)
FN:64,(anonymous_8)
FN:91,copyDirectory
FN:105,(anonymous_10)
FNF:10
FNH:0
FNDA:0,copyAction
FNDA:0,(anonymous_2)
FNDA:0,(anonymous_3)
FNDA:0,(anonymous_4)
FNDA:0,(anonymous_5)
FNDA:0,(anonymous_6)
FNDA:0,(anonymous_7)
FNDA:0,(anonymous_8)
FNDA:0,copyDirectory
FNDA:0,(anonymous_10)
DA:1,1
DA:2,1
DA:3,1
DA:4,1
DA:5,1
DA:14,0
DA:18,0
DA:22,0
DA:25,0
DA:26,0
DA:29,0
DA:30,0
DA:33,0
DA:34,0
DA:36,0
DA:39,0
DA:44,0
DA:54,0
DA:56,0
DA:57,0
DA:58,0
DA:59,0
DA:64,0
DA:65,0
DA:68,0
DA:71,0
DA:72,0
DA:77,0
DA:92,0
DA:102,0
DA:105,0
DA:107,0
DA:108,0
DA:112,0
DA:115,0
DA:119,1
LF:36
LH:6
BRDA:16,0,0,0
BRDA:16,0,1,0
BRDA:34,1,0,0
BRDA:34,1,1,0
BRDA:40,2,0,0
BRDA:40,2,1,0
BRDA:39,3,0,0
BRDA:39,3,1,0
BRDA:58,4,0,0
BRDA:58,4,1,0
BRDA:71,5,0,0
BRDA:71,5,1,0
BRDA:106,6,0,0
BRDA:106,6,1,0
BRF:14
BRH:0
end_of_record
TN:
SF:/projects/lambda-webpack-plugin/src/actions/create.ts
FN:9,createAction
FN:20,(anonymous_2)
FN:21,(anonymous_3)
FN:23,(anonymous_4)
FNF:4
FNH:0
FNDA:0,createAction
FNDA:0,(anonymous_2)
FNDA:0,(anonymous_3)
FNDA:0,(anonymous_4)
DA:1,1
DA:10,0
DA:13,0
DA:17,0
DA:20,0
DA:21,0
DA:22,0
DA:23,0
DA:25,0
DA:26,0
DA:28,0
DA:29,0
DA:34,1
LF:13
LH:2
BRDA:12,0,0,0
BRDA:12,0,1,0
BRDA:13,1,0,0
BRDA:13,1,1,0
BRDA:22,2,0,0
BRDA:22,2,1,0
BRDA:25,3,0,0
BRDA:25,3,1,0
BRDA:28,4,0,0
BRDA:28,4,1,0
BRF:10
BRH:0
end_of_record
TN:
SF:/projects/lambda-webpack-plugin/src/actions/index.ts
FNF:0
FNH:0
DA:1,1
DA:2,1
DA:3,1
DA:4,1
DA:5,1
DA:6,1
DA:8,1
LF:7
LH:7
BRF:0
BRH:0
end_of_record
TN:
SF:/projects/lambda-webpack-plugin/src/actions/mkdir.ts
FN:9,mkdirAction
FN:12,(anonymous_2)
FNF:2
FNH:0
FNDA:0,mkdirAction
FNDA:0,(anonymous_2)
DA:1,1
DA:10,0
DA:12,0
DA:14,0
DA:19,0
DA:21,0
DA:24,0
DA:28,1
LF:8
LH:2
BRF:0
BRH:0
end_of_record
TN:
SF:/projects/lambda-webpack-plugin/src/actions/move.ts
FN:10,moveAction
FN:23,(anonymous_2)
FN:24,(anonymous_3)
FN:31,(anonymous_4)
FNF:4
FNH:0
FNDA:0,moveAction
FNDA:0,(anonymous_2)
FNDA:0,(anonymous_3)
FNDA:0,(anonymous_4)
DA:1,1
DA:2,1
DA:11,0
DA:15,0
DA:19,0
DA:23,0
DA:24,0
DA:26,0
DA:31,0
DA:34,0
DA:36,0
DA:40,0
DA:47,0
DA:51,0
DA:52,0
DA:56,1
LF:16
LH:3
BRDA:13,0,0,0
BRDA:13,0,1,0
BRF:2
BRH:0
end_of_record
TN:
SF:/projects/lambda-webpack-plugin/src/actions/remove.ts
FN:9,rimrafAction
FN:21,(anonymous_2)
FN:22,(anonymous_3)
FN:25,(anonymous_4)
FNF:4
FNH:0
FNDA:0,rimrafAction
FNDA:0,(anonymous_2)
FNDA:0,(anonymous_3)
FNDA:0,(anonymous_4)
DA:1,1
DA:10,0
DA:13,0
DA:18,0
DA:21,0
DA:22,0
DA:23,0
DA:25,0
DA:26,0
DA:27,0
DA:32,1
LF:11
LH:2
BRDA:13,0,0,0
BRDA:13,0,1,0
BRDA:23,1,0,0
BRDA:23,1,1,0
BRDA:26,2,0,0
BRDA:26,2,1,0
BRF:6
BRH:0
end_of_record
